<?xml version="1.0" encoding="UTF-8"?>
<testsuite xmlns:xsi="http://www.w3.org/2001/XMLSchema-instance" xsi:noNamespaceSchemaLocation="https://maven.apache.org/surefire/maven-surefire-plugin/xsd/surefire-test-report.xsd" name="com.roydon.securitydemo3.SecurityDemo3ApplicationTests" time="7.239" tests="2" errors="0" skipped="0" failures="0">
  <properties>
    <property name="sun.desktop" value="windows"/>
    <property name="awt.toolkit" value="sun.awt.windows.WToolkit"/>
    <property name="file.encoding.pkg" value="sun.io"/>
    <property name="java.specification.version" value="1.8"/>
    <property name="sun.cpu.isalist" value="amd64"/>
    <property name="sun.jnu.encoding" value="GBK"/>
    <property name="java.class.path" value="D:\JAVA\IDEA\IDEAProjects\Spring-Security\SecurityDemo3\target\test-classes;D:\JAVA\IDEA\IDEAProjects\Spring-Security\SecurityDemo3\target\classes;D:\JAVA\repo\repository\org\springframework\boot\spring-boot-starter-web\2.6.12\spring-boot-starter-web-2.6.12.jar;D:\JAVA\repo\repository\org\springframework\boot\spring-boot-starter\2.6.12\spring-boot-starter-2.6.12.jar;D:\JAVA\repo\repository\org\springframework\boot\spring-boot\2.6.12\spring-boot-2.6.12.jar;D:\JAVA\repo\repository\org\springframework\boot\spring-boot-starter-logging\2.6.12\spring-boot-starter-logging-2.6.12.jar;D:\JAVA\repo\repository\ch\qos\logback\logback-classic\1.2.11\logback-classic-1.2.11.jar;D:\JAVA\repo\repository\ch\qos\logback\logback-core\1.2.11\logback-core-1.2.11.jar;D:\JAVA\repo\repository\org\apache\logging\log4j\log4j-to-slf4j\2.17.2\log4j-to-slf4j-2.17.2.jar;D:\JAVA\repo\repository\org\apache\logging\log4j\log4j-api\2.17.2\log4j-api-2.17.2.jar;D:\JAVA\repo\repository\org\slf4j\jul-to-slf4j\1.7.36\jul-to-slf4j-1.7.36.jar;D:\JAVA\repo\repository\jakarta\annotation\jakarta.annotation-api\1.3.5\jakarta.annotation-api-1.3.5.jar;D:\JAVA\repo\repository\org\yaml\snakeyaml\1.29\snakeyaml-1.29.jar;D:\JAVA\repo\repository\org\springframework\boot\spring-boot-starter-json\2.6.12\spring-boot-starter-json-2.6.12.jar;D:\JAVA\repo\repository\com\fasterxml\jackson\datatype\jackson-datatype-jdk8\2.13.4\jackson-datatype-jdk8-2.13.4.jar;D:\JAVA\repo\repository\com\fasterxml\jackson\datatype\jackson-datatype-jsr310\2.13.4\jackson-datatype-jsr310-2.13.4.jar;D:\JAVA\repo\repository\com\fasterxml\jackson\module\jackson-module-parameter-names\2.13.4\jackson-module-parameter-names-2.13.4.jar;D:\JAVA\repo\repository\org\springframework\boot\spring-boot-starter-tomcat\2.6.12\spring-boot-starter-tomcat-2.6.12.jar;D:\JAVA\repo\repository\org\apache\tomcat\embed\tomcat-embed-core\9.0.65\tomcat-embed-core-9.0.65.jar;D:\JAVA\repo\repository\org\apache\tomcat\embed\tomcat-embed-el\9.0.65\tomcat-embed-el-9.0.65.jar;D:\JAVA\repo\repository\org\apache\tomcat\embed\tomcat-embed-websocket\9.0.65\tomcat-embed-websocket-9.0.65.jar;D:\JAVA\repo\repository\org\springframework\spring-web\5.3.23\spring-web-5.3.23.jar;D:\JAVA\repo\repository\org\springframework\spring-beans\5.3.23\spring-beans-5.3.23.jar;D:\JAVA\repo\repository\org\springframework\spring-webmvc\5.3.23\spring-webmvc-5.3.23.jar;D:\JAVA\repo\repository\org\springframework\spring-context\5.3.23\spring-context-5.3.23.jar;D:\JAVA\repo\repository\org\springframework\spring-expression\5.3.23\spring-expression-5.3.23.jar;D:\JAVA\repo\repository\mysql\mysql-connector-java\8.0.30\mysql-connector-java-8.0.30.jar;D:\JAVA\repo\repository\org\projectlombok\lombok\1.18.24\lombok-1.18.24.jar;D:\JAVA\repo\repository\org\springframework\boot\spring-boot-starter-test\2.6.12\spring-boot-starter-test-2.6.12.jar;D:\JAVA\repo\repository\org\springframework\boot\spring-boot-test\2.6.12\spring-boot-test-2.6.12.jar;D:\JAVA\repo\repository\org\springframework\boot\spring-boot-test-autoconfigure\2.6.12\spring-boot-test-autoconfigure-2.6.12.jar;D:\JAVA\repo\repository\com\jayway\jsonpath\json-path\2.6.0\json-path-2.6.0.jar;D:\JAVA\repo\repository\net\minidev\json-smart\2.4.8\json-smart-2.4.8.jar;D:\JAVA\repo\repository\net\minidev\accessors-smart\2.4.8\accessors-smart-2.4.8.jar;D:\JAVA\repo\repository\org\ow2\asm\asm\9.1\asm-9.1.jar;D:\JAVA\repo\repository\org\slf4j\slf4j-api\1.7.36\slf4j-api-1.7.36.jar;D:\JAVA\repo\repository\jakarta\xml\bind\jakarta.xml.bind-api\2.3.3\jakarta.xml.bind-api-2.3.3.jar;D:\JAVA\repo\repository\jakarta\activation\jakarta.activation-api\1.2.2\jakarta.activation-api-1.2.2.jar;D:\JAVA\repo\repository\org\assertj\assertj-core\3.21.0\assertj-core-3.21.0.jar;D:\JAVA\repo\repository\org\hamcrest\hamcrest\2.2\hamcrest-2.2.jar;D:\JAVA\repo\repository\org\junit\jupiter\junit-jupiter\5.8.2\junit-jupiter-5.8.2.jar;D:\JAVA\repo\repository\org\junit\jupiter\junit-jupiter-api\5.8.2\junit-jupiter-api-5.8.2.jar;D:\JAVA\repo\repository\org\opentest4j\opentest4j\1.2.0\opentest4j-1.2.0.jar;D:\JAVA\repo\repository\org\junit\platform\junit-platform-commons\1.8.2\junit-platform-commons-1.8.2.jar;D:\JAVA\repo\repository\org\apiguardian\apiguardian-api\1.1.2\apiguardian-api-1.1.2.jar;D:\JAVA\repo\repository\org\junit\jupiter\junit-jupiter-params\5.8.2\junit-jupiter-params-5.8.2.jar;D:\JAVA\repo\repository\org\junit\jupiter\junit-jupiter-engine\5.8.2\junit-jupiter-engine-5.8.2.jar;D:\JAVA\repo\repository\org\junit\platform\junit-platform-engine\1.8.2\junit-platform-engine-1.8.2.jar;D:\JAVA\repo\repository\org\mockito\mockito-core\4.0.0\mockito-core-4.0.0.jar;D:\JAVA\repo\repository\net\bytebuddy\byte-buddy\1.11.22\byte-buddy-1.11.22.jar;D:\JAVA\repo\repository\net\bytebuddy\byte-buddy-agent\1.11.22\byte-buddy-agent-1.11.22.jar;D:\JAVA\repo\repository\org\objenesis\objenesis\3.2\objenesis-3.2.jar;D:\JAVA\repo\repository\org\mockito\mockito-junit-jupiter\4.0.0\mockito-junit-jupiter-4.0.0.jar;D:\JAVA\repo\repository\org\skyscreamer\jsonassert\1.5.1\jsonassert-1.5.1.jar;D:\JAVA\repo\repository\com\vaadin\external\google\android-json\0.0.20131108.vaadin1\android-json-0.0.20131108.vaadin1.jar;D:\JAVA\repo\repository\org\springframework\spring-core\5.3.23\spring-core-5.3.23.jar;D:\JAVA\repo\repository\org\springframework\spring-jcl\5.3.23\spring-jcl-5.3.23.jar;D:\JAVA\repo\repository\org\springframework\spring-test\5.3.23\spring-test-5.3.23.jar;D:\JAVA\repo\repository\org\xmlunit\xmlunit-core\2.8.4\xmlunit-core-2.8.4.jar;D:\JAVA\repo\repository\org\springframework\boot\spring-boot-starter-data-redis\2.6.12\spring-boot-starter-data-redis-2.6.12.jar;D:\JAVA\repo\repository\org\springframework\data\spring-data-redis\2.6.7\spring-data-redis-2.6.7.jar;D:\JAVA\repo\repository\org\springframework\data\spring-data-keyvalue\2.6.7\spring-data-keyvalue-2.6.7.jar;D:\JAVA\repo\repository\org\springframework\data\spring-data-commons\2.6.7\spring-data-commons-2.6.7.jar;D:\JAVA\repo\repository\org\springframework\spring-tx\5.3.23\spring-tx-5.3.23.jar;D:\JAVA\repo\repository\org\springframework\spring-oxm\5.3.23\spring-oxm-5.3.23.jar;D:\JAVA\repo\repository\org\springframework\spring-context-support\5.3.23\spring-context-support-5.3.23.jar;D:\JAVA\repo\repository\io\lettuce\lettuce-core\6.1.9.RELEASE\lettuce-core-6.1.9.RELEASE.jar;D:\JAVA\repo\repository\io\netty\netty-common\4.1.82.Final\netty-common-4.1.82.Final.jar;D:\JAVA\repo\repository\io\netty\netty-handler\4.1.82.Final\netty-handler-4.1.82.Final.jar;D:\JAVA\repo\repository\io\netty\netty-resolver\4.1.82.Final\netty-resolver-4.1.82.Final.jar;D:\JAVA\repo\repository\io\netty\netty-buffer\4.1.82.Final\netty-buffer-4.1.82.Final.jar;D:\JAVA\repo\repository\io\netty\netty-transport-native-unix-common\4.1.82.Final\netty-transport-native-unix-common-4.1.82.Final.jar;D:\JAVA\repo\repository\io\netty\netty-codec\4.1.82.Final\netty-codec-4.1.82.Final.jar;D:\JAVA\repo\repository\io\netty\netty-transport\4.1.82.Final\netty-transport-4.1.82.Final.jar;D:\JAVA\repo\repository\io\projectreactor\reactor-core\3.4.23\reactor-core-3.4.23.jar;D:\JAVA\repo\repository\org\reactivestreams\reactive-streams\1.0.4\reactive-streams-1.0.4.jar;D:\JAVA\repo\repository\org\springframework\boot\spring-boot-starter-security\2.7.4\spring-boot-starter-security-2.7.4.jar;D:\JAVA\repo\repository\org\springframework\spring-aop\5.3.23\spring-aop-5.3.23.jar;D:\JAVA\repo\repository\org\springframework\security\spring-security-config\5.6.7\spring-security-config-5.6.7.jar;D:\JAVA\repo\repository\org\springframework\security\spring-security-core\5.6.7\spring-security-core-5.6.7.jar;D:\JAVA\repo\repository\org\springframework\security\spring-security-crypto\5.6.7\spring-security-crypto-5.6.7.jar;D:\JAVA\repo\repository\org\springframework\security\spring-security-web\5.6.7\spring-security-web-5.6.7.jar;D:\JAVA\repo\repository\com\alibaba\fastjson\1.2.33\fastjson-1.2.33.jar;D:\JAVA\repo\repository\io\jsonwebtoken\jjwt\0.9.0\jjwt-0.9.0.jar;D:\JAVA\repo\repository\com\fasterxml\jackson\core\jackson-databind\2.13.4\jackson-databind-2.13.4.jar;D:\JAVA\repo\repository\com\fasterxml\jackson\core\jackson-annotations\2.13.4\jackson-annotations-2.13.4.jar;D:\JAVA\repo\repository\com\fasterxml\jackson\core\jackson-core\2.13.4\jackson-core-2.13.4.jar;D:\JAVA\repo\repository\com\baomidou\mybatis-plus-boot-starter\3.5.2\mybatis-plus-boot-starter-3.5.2.jar;D:\JAVA\repo\repository\com\baomidou\mybatis-plus\3.5.2\mybatis-plus-3.5.2.jar;D:\JAVA\repo\repository\com\baomidou\mybatis-plus-extension\3.5.2\mybatis-plus-extension-3.5.2.jar;D:\JAVA\repo\repository\com\baomidou\mybatis-plus-core\3.5.2\mybatis-plus-core-3.5.2.jar;D:\JAVA\repo\repository\com\baomidou\mybatis-plus-annotation\3.5.2\mybatis-plus-annotation-3.5.2.jar;D:\JAVA\repo\repository\com\github\jsqlparser\jsqlparser\4.4\jsqlparser-4.4.jar;D:\JAVA\repo\repository\org\mybatis\mybatis\3.5.10\mybatis-3.5.10.jar;D:\JAVA\repo\repository\org\mybatis\mybatis-spring\2.0.7\mybatis-spring-2.0.7.jar;D:\JAVA\repo\repository\org\jetbrains\kotlin\kotlin-stdlib-jdk8\1.6.21\kotlin-stdlib-jdk8-1.6.21.jar;D:\JAVA\repo\repository\org\jetbrains\kotlin\kotlin-stdlib\1.6.21\kotlin-stdlib-1.6.21.jar;D:\JAVA\repo\repository\org\jetbrains\kotlin\kotlin-stdlib-common\1.6.21\kotlin-stdlib-common-1.6.21.jar;D:\JAVA\repo\repository\org\jetbrains\annotations\13.0\annotations-13.0.jar;D:\JAVA\repo\repository\org\jetbrains\kotlin\kotlin-stdlib-jdk7\1.6.21\kotlin-stdlib-jdk7-1.6.21.jar;D:\JAVA\repo\repository\org\springframework\boot\spring-boot-autoconfigure\2.6.12\spring-boot-autoconfigure-2.6.12.jar;D:\JAVA\repo\repository\org\springframework\boot\spring-boot-starter-jdbc\2.6.12\spring-boot-starter-jdbc-2.6.12.jar;D:\JAVA\repo\repository\com\zaxxer\HikariCP\4.0.3\HikariCP-4.0.3.jar;D:\JAVA\repo\repository\org\springframework\spring-jdbc\5.3.23\spring-jdbc-5.3.23.jar;"/>
    <property name="java.vm.vendor" value="Oracle Corporation"/>
    <property name="sun.arch.data.model" value="64"/>
    <property name="user.variant" value=""/>
    <property name="java.vendor.url" value="http://java.oracle.com/"/>
    <property name="user.timezone" value="Asia/Shanghai"/>
    <property name="java.vm.specification.version" value="1.8"/>
    <property name="os.name" value="Windows 10"/>
    <property name="user.country" value="CN"/>
    <property name="sun.java.launcher" value="SUN_STANDARD"/>
    <property name="sun.boot.library.path" value="D:\JAVA\Java\jdk1.8.0_311\jre\bin"/>
    <property name="sun.java.command" value="C:\Users\31330\AppData\Local\Temp\surefire4411928268884293459\surefirebooter6174692218551554122.jar C:\Users\31330\AppData\Local\Temp\surefire4411928268884293459 2022-10-08T13-37-07_950-jvmRun1 surefire7081448815988729486tmp surefire_01541333298825637043tmp"/>
    <property name="surefire.test.class.path" value="D:\JAVA\IDEA\IDEAProjects\Spring-Security\SecurityDemo3\target\test-classes;D:\JAVA\IDEA\IDEAProjects\Spring-Security\SecurityDemo3\target\classes;D:\JAVA\repo\repository\org\springframework\boot\spring-boot-starter-web\2.6.12\spring-boot-starter-web-2.6.12.jar;D:\JAVA\repo\repository\org\springframework\boot\spring-boot-starter\2.6.12\spring-boot-starter-2.6.12.jar;D:\JAVA\repo\repository\org\springframework\boot\spring-boot\2.6.12\spring-boot-2.6.12.jar;D:\JAVA\repo\repository\org\springframework\boot\spring-boot-starter-logging\2.6.12\spring-boot-starter-logging-2.6.12.jar;D:\JAVA\repo\repository\ch\qos\logback\logback-classic\1.2.11\logback-classic-1.2.11.jar;D:\JAVA\repo\repository\ch\qos\logback\logback-core\1.2.11\logback-core-1.2.11.jar;D:\JAVA\repo\repository\org\apache\logging\log4j\log4j-to-slf4j\2.17.2\log4j-to-slf4j-2.17.2.jar;D:\JAVA\repo\repository\org\apache\logging\log4j\log4j-api\2.17.2\log4j-api-2.17.2.jar;D:\JAVA\repo\repository\org\slf4j\jul-to-slf4j\1.7.36\jul-to-slf4j-1.7.36.jar;D:\JAVA\repo\repository\jakarta\annotation\jakarta.annotation-api\1.3.5\jakarta.annotation-api-1.3.5.jar;D:\JAVA\repo\repository\org\yaml\snakeyaml\1.29\snakeyaml-1.29.jar;D:\JAVA\repo\repository\org\springframework\boot\spring-boot-starter-json\2.6.12\spring-boot-starter-json-2.6.12.jar;D:\JAVA\repo\repository\com\fasterxml\jackson\datatype\jackson-datatype-jdk8\2.13.4\jackson-datatype-jdk8-2.13.4.jar;D:\JAVA\repo\repository\com\fasterxml\jackson\datatype\jackson-datatype-jsr310\2.13.4\jackson-datatype-jsr310-2.13.4.jar;D:\JAVA\repo\repository\com\fasterxml\jackson\module\jackson-module-parameter-names\2.13.4\jackson-module-parameter-names-2.13.4.jar;D:\JAVA\repo\repository\org\springframework\boot\spring-boot-starter-tomcat\2.6.12\spring-boot-starter-tomcat-2.6.12.jar;D:\JAVA\repo\repository\org\apache\tomcat\embed\tomcat-embed-core\9.0.65\tomcat-embed-core-9.0.65.jar;D:\JAVA\repo\repository\org\apache\tomcat\embed\tomcat-embed-el\9.0.65\tomcat-embed-el-9.0.65.jar;D:\JAVA\repo\repository\org\apache\tomcat\embed\tomcat-embed-websocket\9.0.65\tomcat-embed-websocket-9.0.65.jar;D:\JAVA\repo\repository\org\springframework\spring-web\5.3.23\spring-web-5.3.23.jar;D:\JAVA\repo\repository\org\springframework\spring-beans\5.3.23\spring-beans-5.3.23.jar;D:\JAVA\repo\repository\org\springframework\spring-webmvc\5.3.23\spring-webmvc-5.3.23.jar;D:\JAVA\repo\repository\org\springframework\spring-context\5.3.23\spring-context-5.3.23.jar;D:\JAVA\repo\repository\org\springframework\spring-expression\5.3.23\spring-expression-5.3.23.jar;D:\JAVA\repo\repository\mysql\mysql-connector-java\8.0.30\mysql-connector-java-8.0.30.jar;D:\JAVA\repo\repository\org\projectlombok\lombok\1.18.24\lombok-1.18.24.jar;D:\JAVA\repo\repository\org\springframework\boot\spring-boot-starter-test\2.6.12\spring-boot-starter-test-2.6.12.jar;D:\JAVA\repo\repository\org\springframework\boot\spring-boot-test\2.6.12\spring-boot-test-2.6.12.jar;D:\JAVA\repo\repository\org\springframework\boot\spring-boot-test-autoconfigure\2.6.12\spring-boot-test-autoconfigure-2.6.12.jar;D:\JAVA\repo\repository\com\jayway\jsonpath\json-path\2.6.0\json-path-2.6.0.jar;D:\JAVA\repo\repository\net\minidev\json-smart\2.4.8\json-smart-2.4.8.jar;D:\JAVA\repo\repository\net\minidev\accessors-smart\2.4.8\accessors-smart-2.4.8.jar;D:\JAVA\repo\repository\org\ow2\asm\asm\9.1\asm-9.1.jar;D:\JAVA\repo\repository\org\slf4j\slf4j-api\1.7.36\slf4j-api-1.7.36.jar;D:\JAVA\repo\repository\jakarta\xml\bind\jakarta.xml.bind-api\2.3.3\jakarta.xml.bind-api-2.3.3.jar;D:\JAVA\repo\repository\jakarta\activation\jakarta.activation-api\1.2.2\jakarta.activation-api-1.2.2.jar;D:\JAVA\repo\repository\org\assertj\assertj-core\3.21.0\assertj-core-3.21.0.jar;D:\JAVA\repo\repository\org\hamcrest\hamcrest\2.2\hamcrest-2.2.jar;D:\JAVA\repo\repository\org\junit\jupiter\junit-jupiter\5.8.2\junit-jupiter-5.8.2.jar;D:\JAVA\repo\repository\org\junit\jupiter\junit-jupiter-api\5.8.2\junit-jupiter-api-5.8.2.jar;D:\JAVA\repo\repository\org\opentest4j\opentest4j\1.2.0\opentest4j-1.2.0.jar;D:\JAVA\repo\repository\org\junit\platform\junit-platform-commons\1.8.2\junit-platform-commons-1.8.2.jar;D:\JAVA\repo\repository\org\apiguardian\apiguardian-api\1.1.2\apiguardian-api-1.1.2.jar;D:\JAVA\repo\repository\org\junit\jupiter\junit-jupiter-params\5.8.2\junit-jupiter-params-5.8.2.jar;D:\JAVA\repo\repository\org\junit\jupiter\junit-jupiter-engine\5.8.2\junit-jupiter-engine-5.8.2.jar;D:\JAVA\repo\repository\org\junit\platform\junit-platform-engine\1.8.2\junit-platform-engine-1.8.2.jar;D:\JAVA\repo\repository\org\mockito\mockito-core\4.0.0\mockito-core-4.0.0.jar;D:\JAVA\repo\repository\net\bytebuddy\byte-buddy\1.11.22\byte-buddy-1.11.22.jar;D:\JAVA\repo\repository\net\bytebuddy\byte-buddy-agent\1.11.22\byte-buddy-agent-1.11.22.jar;D:\JAVA\repo\repository\org\objenesis\objenesis\3.2\objenesis-3.2.jar;D:\JAVA\repo\repository\org\mockito\mockito-junit-jupiter\4.0.0\mockito-junit-jupiter-4.0.0.jar;D:\JAVA\repo\repository\org\skyscreamer\jsonassert\1.5.1\jsonassert-1.5.1.jar;D:\JAVA\repo\repository\com\vaadin\external\google\android-json\0.0.20131108.vaadin1\android-json-0.0.20131108.vaadin1.jar;D:\JAVA\repo\repository\org\springframework\spring-core\5.3.23\spring-core-5.3.23.jar;D:\JAVA\repo\repository\org\springframework\spring-jcl\5.3.23\spring-jcl-5.3.23.jar;D:\JAVA\repo\repository\org\springframework\spring-test\5.3.23\spring-test-5.3.23.jar;D:\JAVA\repo\repository\org\xmlunit\xmlunit-core\2.8.4\xmlunit-core-2.8.4.jar;D:\JAVA\repo\repository\org\springframework\boot\spring-boot-starter-data-redis\2.6.12\spring-boot-starter-data-redis-2.6.12.jar;D:\JAVA\repo\repository\org\springframework\data\spring-data-redis\2.6.7\spring-data-redis-2.6.7.jar;D:\JAVA\repo\repository\org\springframework\data\spring-data-keyvalue\2.6.7\spring-data-keyvalue-2.6.7.jar;D:\JAVA\repo\repository\org\springframework\data\spring-data-commons\2.6.7\spring-data-commons-2.6.7.jar;D:\JAVA\repo\repository\org\springframework\spring-tx\5.3.23\spring-tx-5.3.23.jar;D:\JAVA\repo\repository\org\springframework\spring-oxm\5.3.23\spring-oxm-5.3.23.jar;D:\JAVA\repo\repository\org\springframework\spring-context-support\5.3.23\spring-context-support-5.3.23.jar;D:\JAVA\repo\repository\io\lettuce\lettuce-core\6.1.9.RELEASE\lettuce-core-6.1.9.RELEASE.jar;D:\JAVA\repo\repository\io\netty\netty-common\4.1.82.Final\netty-common-4.1.82.Final.jar;D:\JAVA\repo\repository\io\netty\netty-handler\4.1.82.Final\netty-handler-4.1.82.Final.jar;D:\JAVA\repo\repository\io\netty\netty-resolver\4.1.82.Final\netty-resolver-4.1.82.Final.jar;D:\JAVA\repo\repository\io\netty\netty-buffer\4.1.82.Final\netty-buffer-4.1.82.Final.jar;D:\JAVA\repo\repository\io\netty\netty-transport-native-unix-common\4.1.82.Final\netty-transport-native-unix-common-4.1.82.Final.jar;D:\JAVA\repo\repository\io\netty\netty-codec\4.1.82.Final\netty-codec-4.1.82.Final.jar;D:\JAVA\repo\repository\io\netty\netty-transport\4.1.82.Final\netty-transport-4.1.82.Final.jar;D:\JAVA\repo\repository\io\projectreactor\reactor-core\3.4.23\reactor-core-3.4.23.jar;D:\JAVA\repo\repository\org\reactivestreams\reactive-streams\1.0.4\reactive-streams-1.0.4.jar;D:\JAVA\repo\repository\org\springframework\boot\spring-boot-starter-security\2.7.4\spring-boot-starter-security-2.7.4.jar;D:\JAVA\repo\repository\org\springframework\spring-aop\5.3.23\spring-aop-5.3.23.jar;D:\JAVA\repo\repository\org\springframework\security\spring-security-config\5.6.7\spring-security-config-5.6.7.jar;D:\JAVA\repo\repository\org\springframework\security\spring-security-core\5.6.7\spring-security-core-5.6.7.jar;D:\JAVA\repo\repository\org\springframework\security\spring-security-crypto\5.6.7\spring-security-crypto-5.6.7.jar;D:\JAVA\repo\repository\org\springframework\security\spring-security-web\5.6.7\spring-security-web-5.6.7.jar;D:\JAVA\repo\repository\com\alibaba\fastjson\1.2.33\fastjson-1.2.33.jar;D:\JAVA\repo\repository\io\jsonwebtoken\jjwt\0.9.0\jjwt-0.9.0.jar;D:\JAVA\repo\repository\com\fasterxml\jackson\core\jackson-databind\2.13.4\jackson-databind-2.13.4.jar;D:\JAVA\repo\repository\com\fasterxml\jackson\core\jackson-annotations\2.13.4\jackson-annotations-2.13.4.jar;D:\JAVA\repo\repository\com\fasterxml\jackson\core\jackson-core\2.13.4\jackson-core-2.13.4.jar;D:\JAVA\repo\repository\com\baomidou\mybatis-plus-boot-starter\3.5.2\mybatis-plus-boot-starter-3.5.2.jar;D:\JAVA\repo\repository\com\baomidou\mybatis-plus\3.5.2\mybatis-plus-3.5.2.jar;D:\JAVA\repo\repository\com\baomidou\mybatis-plus-extension\3.5.2\mybatis-plus-extension-3.5.2.jar;D:\JAVA\repo\repository\com\baomidou\mybatis-plus-core\3.5.2\mybatis-plus-core-3.5.2.jar;D:\JAVA\repo\repository\com\baomidou\mybatis-plus-annotation\3.5.2\mybatis-plus-annotation-3.5.2.jar;D:\JAVA\repo\repository\com\github\jsqlparser\jsqlparser\4.4\jsqlparser-4.4.jar;D:\JAVA\repo\repository\org\mybatis\mybatis\3.5.10\mybatis-3.5.10.jar;D:\JAVA\repo\repository\org\mybatis\mybatis-spring\2.0.7\mybatis-spring-2.0.7.jar;D:\JAVA\repo\repository\org\jetbrains\kotlin\kotlin-stdlib-jdk8\1.6.21\kotlin-stdlib-jdk8-1.6.21.jar;D:\JAVA\repo\repository\org\jetbrains\kotlin\kotlin-stdlib\1.6.21\kotlin-stdlib-1.6.21.jar;D:\JAVA\repo\repository\org\jetbrains\kotlin\kotlin-stdlib-common\1.6.21\kotlin-stdlib-common-1.6.21.jar;D:\JAVA\repo\repository\org\jetbrains\annotations\13.0\annotations-13.0.jar;D:\JAVA\repo\repository\org\jetbrains\kotlin\kotlin-stdlib-jdk7\1.6.21\kotlin-stdlib-jdk7-1.6.21.jar;D:\JAVA\repo\repository\org\springframework\boot\spring-boot-autoconfigure\2.6.12\spring-boot-autoconfigure-2.6.12.jar;D:\JAVA\repo\repository\org\springframework\boot\spring-boot-starter-jdbc\2.6.12\spring-boot-starter-jdbc-2.6.12.jar;D:\JAVA\repo\repository\com\zaxxer\HikariCP\4.0.3\HikariCP-4.0.3.jar;D:\JAVA\repo\repository\org\springframework\spring-jdbc\5.3.23\spring-jdbc-5.3.23.jar;"/>
    <property name="sun.cpu.endian" value="little"/>
    <property name="user.home" value="C:\Users\31330"/>
    <property name="user.language" value="zh"/>
    <property name="java.specification.vendor" value="Oracle Corporation"/>
    <property name="java.home" value="D:\JAVA\Java\jdk1.8.0_311\jre"/>
    <property name="basedir" value="D:\JAVA\IDEA\IDEAProjects\Spring-Security\SecurityDemo3"/>
    <property name="file.separator" value="\"/>
    <property name="line.separator" value="&#10;"/>
    <property name="java.vm.specification.vendor" value="Oracle Corporation"/>
    <property name="java.specification.name" value="Java Platform API Specification"/>
    <property name="java.awt.graphicsenv" value="sun.awt.Win32GraphicsEnvironment"/>
    <property name="surefire.real.class.path" value="C:\Users\31330\AppData\Local\Temp\surefire4411928268884293459\surefirebooter6174692218551554122.jar"/>
    <property name="sun.boot.class.path" value="D:\JAVA\Java\jdk1.8.0_311\jre\lib\resources.jar;D:\JAVA\Java\jdk1.8.0_311\jre\lib\rt.jar;D:\JAVA\Java\jdk1.8.0_311\jre\lib\sunrsasign.jar;D:\JAVA\Java\jdk1.8.0_311\jre\lib\jsse.jar;D:\JAVA\Java\jdk1.8.0_311\jre\lib\jce.jar;D:\JAVA\Java\jdk1.8.0_311\jre\lib\charsets.jar;D:\JAVA\Java\jdk1.8.0_311\jre\lib\jfr.jar;D:\JAVA\Java\jdk1.8.0_311\jre\classes"/>
    <property name="user.script" value=""/>
    <property name="sun.management.compiler" value="HotSpot 64-Bit Tiered Compilers"/>
    <property name="java.runtime.version" value="1.8.0_311-b11"/>
    <property name="user.name" value="31330"/>
    <property name="path.separator" value=";"/>
    <property name="os.version" value="10.0"/>
    <property name="java.endorsed.dirs" value="D:\JAVA\Java\jdk1.8.0_311\jre\lib\endorsed"/>
    <property name="java.runtime.name" value="Java(TM) SE Runtime Environment"/>
    <property name="file.encoding" value="GBK"/>
    <property name="java.vm.name" value="Java HotSpot(TM) 64-Bit Server VM"/>
    <property name="localRepository" value="D:\JAVA\repo\repository"/>
    <property name="java.vendor.url.bug" value="http://bugreport.sun.com/bugreport/"/>
    <property name="java.io.tmpdir" value="C:\Users\31330\AppData\Local\Temp\"/>
    <property name="idea.version" value="2021.3.3"/>
    <property name="java.version" value="1.8.0_311"/>
    <property name="user.dir" value="D:\JAVA\IDEA\IDEAProjects\Spring-Security\SecurityDemo3"/>
    <property name="os.arch" value="amd64"/>
    <property name="java.vm.specification.name" value="Java Virtual Machine Specification"/>
    <property name="java.awt.printerjob" value="sun.awt.windows.WPrinterJob"/>
    <property name="sun.os.patch.level" value=""/>
    <property name="java.library.path" value="D:\JAVA\Java\jdk1.8.0_311\jre\bin;C:\WINDOWS\Sun\Java\bin;C:\WINDOWS\system32;C:\WINDOWS;D:\Linux\VMware\VMware Machines\bin\;D:\JAVA\Java\jdk1.8.0_311\bin;D:\JAVA\Java\jdk1.8.0_311\jre\bin;C:\Program Files\Common Files\Oracle\Java\javapath;C:\Program Files (x86)\Common Files\Oracle\Java\javapath;C:\WINDOWS\system32;C:\WINDOWS;C:\WINDOWS\System32\Wbem;C:\WINDOWS\System32\WindowsPowerShell\v1.0\;C:\WINDOWS\System32\OpenSSH\;C:\Program Files\Bandizip\;C:\Program Files (x86)\NVIDIA Corporation\PhysX\Common;C:\Program Files\NVIDIA Corporation\NVIDIA NvDLISR;D:\JAVA\Maven\apache-maven-3.8.3\bin;D:\Linux\Netsarang\Xshell\;D:\Linux\Netsarang\Xftp\;C:\Program Files\Microsoft\Web Platform Installer\;C:\Program Files (x86)\Microsoft ASP.NET\ASP.NET Web Pages\v1.0\;C:\Program Files (x86)\Windows Kits\8.0\Windows Performance Toolkit\;C:\Program Files\Microsoft SQL Server\110\Tools\Binn\;D:\JAVA\Tomcat\apache-tomcat-9.0.10\bin;D:\JAVA\node-v14.14.0\node_global;D:\JAVA\Git-2.29.2.2\Git\cmd;D:\Android\wechat\微信web开发者\dll;C:\WINDOWS\system32;C:\WINDOWS;C:\WINDOWS\System32\Wbem;C:\WINDOWS\System32\WindowsPowerShell\v1.0\;C:\WINDOWS\System32\OpenSSH\;D:\JAVA\apache-jmeter-5.4.3\bin;E:\EasyShare\x86\;E:\EasyShare\x64\;D:\node-v16\;D:\Miniconda3;D:\Miniconda3\Sctipts;D:\Miniconda3\Library\bin;C:\Program Files\MySQL\MySQL Shell 8.0\bin\;C:\Users\31330\AppData\Local\Microsoft\WindowsApps;D:\Microsoft VS Code\Microsoft VS Code\bin;C:\Users\31330\AppData\Roaming\npm;;."/>
    <property name="java.vm.info" value="mixed mode"/>
    <property name="java.vendor" value="Oracle Corporation"/>
    <property name="java.vm.version" value="25.311-b11"/>
    <property name="java.ext.dirs" value="D:\JAVA\Java\jdk1.8.0_311\jre\lib\ext;C:\WINDOWS\Sun\Java\lib\ext"/>
    <property name="sun.io.unicode.encoding" value="UnicodeLittle"/>
    <property name="maven.repo.local" value="D:\JAVA\repo\repository"/>
    <property name="java.class.version" value="52.0"/>
  </properties>
  <testcase name="testUserMapper" classname="com.roydon.securitydemo3.SecurityDemo3ApplicationTests" time="1.75"/>
  <testcase name="contextLoads" classname="com.roydon.securitydemo3.SecurityDemo3ApplicationTests" time="0.042"/>
</testsuite>